<?xml version="1.0" encoding="UTF-8"?>
<!-- Generated by org.testng.reporters.JUnitReportReporter -->
<testsuite hostname="LAPTOP-CR4UOQ2N" failures="0" tests="3" name="testcases.TestExtentReports" time="0.018" errors="0" timestamp="2024-05-05T00:29:52 IST" skipped="1">
  <testcase classname="testcases.TestExtentReports" name="loginTest" time="0.011"/>
  <testcase classname="testcases.TestExtentReports" name="userRegTest" time="0.002"/>
  <testcase classname="testcases.TestExtentReports" name="skipTest" time="0.005">
    <skipped/>
  </testcase> <!-- skipTest -->
</testsuite> <!-- testcases.TestExtentReports -->
